<?xml version="1.0" encoding="UTF-8"?>
<!-- Generated by org.testng.reporters.JUnitXMLReporter -->
<testsuite hostname="EPINHYDW0897" name="TestOnIE" tests="3" failures="0" timestamp="25 Jan 2017 05:40:59 GMT" time="50.987" errors="0">
  <testcase name="login" time="11.477" classname="com.animana.scenario.Animana"/>
  <testcase name="selectLocation" time="1.322" classname="com.animana.scenario.Animana"/>
  <testcase name="searchWithOption" time="20.964" classname="com.animana.scenario.Animana"/>
</testsuite> <!-- TestOnIE -->
